<?xml version="1.0" encoding="UTF-8"?>
<!-- Generated by org.testng.reporters.JUnitXMLReporter -->
<testsuite ignored="0" hostname="DESKTOP-QJP6EME" failures="0" tests="3" name="AssignmentClassPlus" time="23.284" errors="0" timestamp="2020-04-16T00:46:09 IST">
  <testcase classname="assignmentmain.testc" name="starttest" time="3.136"/>
  <testcase classname="assignmentmain.testc" name="secondtest" time="4.094"/>
  <testcase classname="assignmentmain.testc" name="thirdtest" time="2.289"/>
</testsuite> <!-- AssignmentClassPlus -->
