<?xml version="1.0" encoding="UTF-8"?>
<testng-results ignored="0" total="4" passed="4" failed="0" skipped="0">
  <reporter-output>
  </reporter-output>
  <suite started-at="2020-04-16T12:25:51 IST" name="Default suite" finished-at="2020-04-16T12:26:22 IST" duration-ms="31568">
    <groups>
    </groups>
    <test started-at="2020-04-16T12:25:51 IST" name="Default test" finished-at="2020-04-16T12:26:22 IST" duration-ms="31568">
      <class name="assignmentmain.testc">
        <test-method is-config="true" signature="initialize()[pri:0, instance:assignmentmain.testc@184cf7cf]" started-at="2020-04-16T12:25:51 IST" name="initialize" finished-at="2020-04-16T12:26:00 IST" duration-ms="8985" status="PASS">
          <reporter-output>
          </reporter-output>
        </test-method> <!-- initialize -->
        <test-method signature="starttest()[pri:0, instance:assignmentmain.testc@184cf7cf]" started-at="2020-04-16T12:26:00 IST" name="starttest" finished-at="2020-04-16T12:26:03 IST" duration-ms="3370" status="PASS">
          <reporter-output>
          </reporter-output>
        </test-method> <!-- starttest -->
        <test-method signature="secondtest()[pri:1, instance:assignmentmain.testc@184cf7cf]" started-at="2020-04-16T12:26:03 IST" name="secondtest" finished-at="2020-04-16T12:26:08 IST" duration-ms="4957" status="PASS">
          <reporter-output>
          </reporter-output>
        </test-method> <!-- secondtest -->
        <test-method signature="thirdtest()[pri:2, instance:assignmentmain.testc@184cf7cf]" started-at="2020-04-16T12:26:08 IST" name="thirdtest" finished-at="2020-04-16T12:26:11 IST" duration-ms="2920" status="PASS">
          <reporter-output>
          </reporter-output>
        </test-method> <!-- thirdtest -->
        <test-method signature="fourthtest()[pri:3, instance:assignmentmain.testc@184cf7cf]" started-at="2020-04-16T12:26:11 IST" name="fourthtest" finished-at="2020-04-16T12:26:22 IST" duration-ms="10646" status="PASS">
          <reporter-output>
          </reporter-output>
        </test-method> <!-- fourthtest -->
        <test-method is-config="true" signature="teardown()[pri:0, instance:assignmentmain.testc@184cf7cf]" started-at="2020-04-16T12:26:22 IST" name="teardown" finished-at="2020-04-16T12:26:22 IST" duration-ms="578" status="PASS">
          <reporter-output>
          </reporter-output>
        </test-method> <!-- teardown -->
      </class> <!-- assignmentmain.testc -->
    </test> <!-- Default test -->
  </suite> <!-- Default suite -->
</testng-results>
