<?xml version="1.0" encoding="UTF-8"?>
<testsuite xmlns:xsi="http://www.w3.org/2001/XMLSchema-instance" xsi:noNamespaceSchemaLocation="https://maven.apache.org/surefire/maven-surefire-plugin/xsd/surefire-test-report.xsd" name="TestSuite" time="3.061" tests="3" errors="0" skipped="2" failures="1">
  <properties>
[...]
</properties>
  <testcase name="initialize" classname="assignmentmain.testc" time="2.652">
    <failure message="The driver executable does not exist: C:\Users\Admin\eclipse-workspace\new\assignmentClassplusqa\user.dir\chromedriver.exe" type="java.lang.IllegalStateException">java.lang.IllegalStateException: The driver executable does not exist: C:\Users\Admin\eclipse-workspace\new\assignmentClassplusqa\user.dir\chromedriver.exe
	at assignmentmain.testc.initialize(testc.java:26)
</failure>
    <system-out><![CDATA[chrome
]]></system-out>
  </testcase>
  <testcase name="starttest" classname="assignmentmain.testc" time="0">
    <skipped/>
  </testcase>
  <testcase name="teardown" classname="assignmentmain.testc" time="0">
    <skipped/>
  </testcase>
</testsuite>