<?xml version="1.0" encoding="UTF-8"?>
<testng-results ignored="0" total="3" passed="3" failed="0" skipped="0">
  <reporter-output>
  </reporter-output>
  <suite started-at="2020-04-16T00:45:46 IST" name="Suite" finished-at="2020-04-16T00:46:09 IST" duration-ms="23284">
    <groups>
    </groups>
    <test started-at="2020-04-16T00:45:46 IST" name="AssignmentClassPlus" finished-at="2020-04-16T00:46:09 IST" duration-ms="23284">
      <class name="assignmentmain.testc">
        <test-method is-config="true" signature="initialize()[pri:0, instance:assignmentmain.testc@2805c96b]" started-at="2020-04-16T00:45:46 IST" name="initialize" finished-at="2020-04-16T00:45:55 IST" duration-ms="8665" status="PASS">
          <reporter-output>
          </reporter-output>
        </test-method> <!-- initialize -->
        <test-method signature="starttest()[pri:0, instance:assignmentmain.testc@2805c96b]" started-at="2020-04-16T00:45:55 IST" name="starttest" finished-at="2020-04-16T00:45:58 IST" duration-ms="3136" status="PASS">
          <reporter-output>
          </reporter-output>
        </test-method> <!-- starttest -->
        <test-method signature="secondtest()[pri:1, instance:assignmentmain.testc@2805c96b]" started-at="2020-04-16T00:45:58 IST" name="secondtest" finished-at="2020-04-16T00:46:02 IST" duration-ms="4094" status="PASS">
          <reporter-output>
          </reporter-output>
        </test-method> <!-- secondtest -->
        <test-method signature="thirdtest()[pri:2, instance:assignmentmain.testc@2805c96b]" started-at="2020-04-16T00:46:02 IST" name="thirdtest" finished-at="2020-04-16T00:46:04 IST" duration-ms="2289" status="PASS">
          <reporter-output>
          </reporter-output>
        </test-method> <!-- thirdtest -->
        <test-method is-config="true" signature="teardown()[pri:0, instance:assignmentmain.testc@2805c96b]" started-at="2020-04-16T00:46:04 IST" name="teardown" finished-at="2020-04-16T00:46:09 IST" duration-ms="4926" status="PASS">
          <reporter-output>
          </reporter-output>
        </test-method> <!-- teardown -->
      </class> <!-- assignmentmain.testc -->
    </test> <!-- AssignmentClassPlus -->
  </suite> <!-- Suite -->
</testng-results>
