<?xml version="1.0" encoding="UTF-8"?>
<!-- Generated by org.testng.reporters.JUnitXMLReporter -->
<testsuite ignored="0" hostname="DESKTOP-QJP6EME" failures="0" tests="4" name="Default test" time="31.568" errors="0" timestamp="2020-04-16T12:26:22 IST">
  <testcase classname="assignmentmain.testc" name="starttest" time="3.37"/>
  <testcase classname="assignmentmain.testc" name="secondtest" time="4.957"/>
  <testcase classname="assignmentmain.testc" name="thirdtest" time="2.92"/>
  <testcase classname="assignmentmain.testc" name="fourthtest" time="10.646"/>
</testsuite> <!-- Default test -->
